[2012-11-20 17:57:24] (ERROR @ /connectors/resource/index.php) Error caching action map mgr/actions
[2012-12-11 09:38:42] (ERROR @ /manager/index.php) [OnRichTextBrowserInit]
Notice: Undefined index: language in /var/www/ayuda.chilesinpapeleo.cl/core/cache/includes/elements/modplugin/1.include.cache.php on line 61

[2012-12-11 09:57:23] (ERROR @ /manager/index.php) [OnRichTextBrowserInit]
Notice: Undefined index: language in /var/www/ayuda.chilesinpapeleo.cl/core/cache/includes/elements/modplugin/1.include.cache.php on line 61

[2012-12-11 10:03:37] (ERROR @ /manager/index.php) [OnRichTextBrowserInit]
Notice: Undefined index: language in /var/www/ayuda.chilesinpapeleo.cl/core/cache/includes/elements/modplugin/1.include.cache.php on line 61

[2012-12-11 10:03:44] (ERROR @ /manager/index.php) [OnRichTextBrowserInit]
Notice: Undefined index: language in /var/www/ayuda.chilesinpapeleo.cl/core/cache/includes/elements/modplugin/1.include.cache.php on line 61

[2012-12-11 10:04:23] (ERROR @ /manager/index.php) [OnRichTextBrowserInit]
Notice: Undefined index: language in /var/www/ayuda.chilesinpapeleo.cl/core/cache/includes/elements/modplugin/1.include.cache.php on line 61

[2012-12-11 10:04:44] (ERROR @ /manager/index.php) [OnRichTextBrowserInit]
Notice: Undefined index: language in /var/www/ayuda.chilesinpapeleo.cl/core/cache/includes/elements/modplugin/1.include.cache.php on line 61

[2012-12-11 10:05:25] (ERROR @ /manager/index.php) [OnRichTextBrowserInit]
Notice: Undefined index: language in /var/www/ayuda.chilesinpapeleo.cl/core/cache/includes/elements/modplugin/1.include.cache.php on line 61

[2012-12-11 10:05:48] (ERROR @ /manager/index.php) [OnRichTextBrowserInit]
Notice: Undefined index: language in /var/www/ayuda.chilesinpapeleo.cl/core/cache/includes/elements/modplugin/1.include.cache.php on line 61

[2012-12-11 10:06:14] (ERROR @ /manager/index.php) [OnRichTextBrowserInit]
Notice: Undefined index: language in /var/www/ayuda.chilesinpapeleo.cl/core/cache/includes/elements/modplugin/1.include.cache.php on line 61

[2012-12-11 10:21:05] (ERROR @ /manager/index.php) [OnRichTextBrowserInit]
Notice: Undefined index: language in /var/www/ayuda.chilesinpapeleo.cl/core/cache/includes/elements/modplugin/1.include.cache.php on line 61

[2012-12-11 10:22:28] (ERROR @ /manager/index.php) [OnRichTextBrowserInit]
Notice: Undefined index: language in /var/www/ayuda.chilesinpapeleo.cl/core/cache/includes/elements/modplugin/1.include.cache.php on line 61

[2012-12-11 10:25:36] (ERROR @ /connectors/resource/index.php) Resource URI simple/backend/modelamiento-del-proceso/generacion-de-formularios.html already exists for resource id = 12; skipping duplicate resource URI for resource id = 35
[2012-12-11 10:29:32] (ERROR @ /manager/index.php) [OnRichTextBrowserInit]
Notice: Undefined index: language in /var/www/ayuda.chilesinpapeleo.cl/core/cache/includes/elements/modplugin/1.include.cache.php on line 61

[2012-12-11 10:32:46] (ERROR @ /manager/index.php) [OnRichTextBrowserInit]
Notice: Undefined index: language in /var/www/ayuda.chilesinpapeleo.cl/core/cache/includes/elements/modplugin/1.include.cache.php on line 61

[2012-12-11 10:34:33] (ERROR @ /manager/index.php) [OnRichTextBrowserInit]
Notice: Undefined index: language in /var/www/ayuda.chilesinpapeleo.cl/core/cache/includes/elements/modplugin/1.include.cache.php on line 61

[2012-12-11 10:35:22] (ERROR @ /manager/index.php) [OnRichTextBrowserInit]
Notice: Undefined index: language in /var/www/ayuda.chilesinpapeleo.cl/core/cache/includes/elements/modplugin/1.include.cache.php on line 61

[2012-12-11 10:36:49] (ERROR @ /manager/index.php) [OnRichTextBrowserInit]
Notice: Undefined index: language in /var/www/ayuda.chilesinpapeleo.cl/core/cache/includes/elements/modplugin/1.include.cache.php on line 61

[2012-12-11 10:39:25] (ERROR @ /manager/index.php) [OnRichTextBrowserInit]
Notice: Undefined index: language in /var/www/ayuda.chilesinpapeleo.cl/core/cache/includes/elements/modplugin/1.include.cache.php on line 61

[2012-12-11 10:41:02] (ERROR @ /manager/index.php) [OnRichTextBrowserInit]
Notice: Undefined index: language in /var/www/ayuda.chilesinpapeleo.cl/core/cache/includes/elements/modplugin/1.include.cache.php on line 61

[2012-12-11 10:43:08] (ERROR @ /manager/index.php) [OnRichTextBrowserInit]
Notice: Undefined index: language in /var/www/ayuda.chilesinpapeleo.cl/core/cache/includes/elements/modplugin/1.include.cache.php on line 61

[2012-12-11 11:08:31] (ERROR @ /manager/index.php) [OnRichTextBrowserInit]
Notice: Undefined index: language in /var/www/ayuda.chilesinpapeleo.cl/core/cache/includes/elements/modplugin/1.include.cache.php on line 61

[2012-12-11 11:13:16] (ERROR @ /manager/index.php) [OnRichTextBrowserInit]
Notice: Undefined index: language in /var/www/ayuda.chilesinpapeleo.cl/core/cache/includes/elements/modplugin/1.include.cache.php on line 61

[2012-12-11 11:13:46] (ERROR @ /manager/index.php) [OnRichTextBrowserInit]
Notice: Undefined index: language in /var/www/ayuda.chilesinpapeleo.cl/core/cache/includes/elements/modplugin/1.include.cache.php on line 61

[2012-12-11 11:14:18] (ERROR @ /manager/index.php) [OnRichTextBrowserInit]
Notice: Undefined index: language in /var/www/ayuda.chilesinpapeleo.cl/core/cache/includes/elements/modplugin/1.include.cache.php on line 61

[2012-12-11 11:14:44] (ERROR @ /manager/index.php) [OnRichTextBrowserInit]
Notice: Undefined index: language in /var/www/ayuda.chilesinpapeleo.cl/core/cache/includes/elements/modplugin/1.include.cache.php on line 61

[2012-12-11 11:15:35] (ERROR @ /manager/index.php) [OnRichTextBrowserInit]
Notice: Undefined index: language in /var/www/ayuda.chilesinpapeleo.cl/core/cache/includes/elements/modplugin/1.include.cache.php on line 61

[2012-12-11 11:16:26] (ERROR @ /manager/index.php) [OnRichTextBrowserInit]
Notice: Undefined index: language in /var/www/ayuda.chilesinpapeleo.cl/core/cache/includes/elements/modplugin/1.include.cache.php on line 61

[2012-12-11 11:18:34] (ERROR @ /manager/index.php) [OnRichTextBrowserInit]
Notice: Undefined index: language in /var/www/ayuda.chilesinpapeleo.cl/core/cache/includes/elements/modplugin/1.include.cache.php on line 61

[2012-12-11 11:20:22] (ERROR @ /manager/index.php) [OnRichTextBrowserInit]
Notice: Undefined index: language in /var/www/ayuda.chilesinpapeleo.cl/core/cache/includes/elements/modplugin/1.include.cache.php on line 61

[2012-12-11 11:20:50] (ERROR @ /manager/index.php) [OnRichTextBrowserInit]
Notice: Undefined index: language in /var/www/ayuda.chilesinpapeleo.cl/core/cache/includes/elements/modplugin/1.include.cache.php on line 61

[2012-12-11 11:22:20] (ERROR @ /manager/index.php) [OnRichTextBrowserInit]
Notice: Undefined index: language in /var/www/ayuda.chilesinpapeleo.cl/core/cache/includes/elements/modplugin/1.include.cache.php on line 61

[2012-12-11 11:22:29] (ERROR @ /manager/index.php) [OnRichTextBrowserInit]
Notice: Undefined index: language in /var/www/ayuda.chilesinpapeleo.cl/core/cache/includes/elements/modplugin/1.include.cache.php on line 61

[2012-12-11 11:23:02] (ERROR @ /manager/index.php) [OnRichTextBrowserInit]
Notice: Undefined index: language in /var/www/ayuda.chilesinpapeleo.cl/core/cache/includes/elements/modplugin/1.include.cache.php on line 61

[2012-12-11 11:23:15] (ERROR @ /manager/index.php) [OnRichTextBrowserInit]
Notice: Undefined index: language in /var/www/ayuda.chilesinpapeleo.cl/core/cache/includes/elements/modplugin/1.include.cache.php on line 61

[2012-12-11 11:24:57] (ERROR @ /manager/index.php) [OnRichTextBrowserInit]
Notice: Undefined index: language in /var/www/ayuda.chilesinpapeleo.cl/core/cache/includes/elements/modplugin/1.include.cache.php on line 61

[2012-12-11 11:25:59] (ERROR @ /manager/index.php) [OnRichTextBrowserInit]
Notice: Undefined index: language in /var/www/ayuda.chilesinpapeleo.cl/core/cache/includes/elements/modplugin/1.include.cache.php on line 61

[2012-12-11 11:27:33] (ERROR @ /manager/index.php) [OnRichTextBrowserInit]
Notice: Undefined index: language in /var/www/ayuda.chilesinpapeleo.cl/core/cache/includes/elements/modplugin/1.include.cache.php on line 61

[2012-12-11 11:29:01] (ERROR @ /manager/index.php) [OnRichTextBrowserInit]
Notice: Undefined index: language in /var/www/ayuda.chilesinpapeleo.cl/core/cache/includes/elements/modplugin/1.include.cache.php on line 61

[2012-12-11 11:30:08] (ERROR @ /manager/index.php) [OnRichTextBrowserInit]
Notice: Undefined index: language in /var/www/ayuda.chilesinpapeleo.cl/core/cache/includes/elements/modplugin/1.include.cache.php on line 61

[2012-12-11 11:31:11] (ERROR @ /manager/index.php) [OnRichTextBrowserInit]
Notice: Undefined index: language in /var/www/ayuda.chilesinpapeleo.cl/core/cache/includes/elements/modplugin/1.include.cache.php on line 61

[2012-12-11 11:32:07] (ERROR @ /manager/index.php) [OnRichTextBrowserInit]
Notice: Undefined index: language in /var/www/ayuda.chilesinpapeleo.cl/core/cache/includes/elements/modplugin/1.include.cache.php on line 61

[2012-12-11 11:32:50] (ERROR @ /manager/index.php) [OnRichTextBrowserInit]
Notice: Undefined index: language in /var/www/ayuda.chilesinpapeleo.cl/core/cache/includes/elements/modplugin/1.include.cache.php on line 61

[2012-12-11 11:34:48] (ERROR @ /manager/index.php) [OnRichTextBrowserInit]
Notice: Undefined index: language in /var/www/ayuda.chilesinpapeleo.cl/core/cache/includes/elements/modplugin/1.include.cache.php on line 61

[2012-12-11 11:35:06] (ERROR @ /manager/index.php) [OnRichTextBrowserInit]
Notice: Undefined index: language in /var/www/ayuda.chilesinpapeleo.cl/core/cache/includes/elements/modplugin/1.include.cache.php on line 61

[2012-12-11 11:35:35] (ERROR @ /manager/index.php) [OnRichTextBrowserInit]
Notice: Undefined index: language in /var/www/ayuda.chilesinpapeleo.cl/core/cache/includes/elements/modplugin/1.include.cache.php on line 61

[2012-12-11 11:36:32] (ERROR @ /manager/index.php) [OnRichTextBrowserInit]
Notice: Undefined index: language in /var/www/ayuda.chilesinpapeleo.cl/core/cache/includes/elements/modplugin/1.include.cache.php on line 61

[2012-12-11 11:36:48] (ERROR @ /manager/index.php) [OnRichTextBrowserInit]
Notice: Undefined index: language in /var/www/ayuda.chilesinpapeleo.cl/core/cache/includes/elements/modplugin/1.include.cache.php on line 61

[2012-12-11 11:38:14] (ERROR @ /manager/index.php) [OnRichTextBrowserInit]
Notice: Undefined index: language in /var/www/ayuda.chilesinpapeleo.cl/core/cache/includes/elements/modplugin/1.include.cache.php on line 61

[2012-12-11 11:39:24] (ERROR @ /manager/index.php) [OnRichTextBrowserInit]
Notice: Undefined index: language in /var/www/ayuda.chilesinpapeleo.cl/core/cache/includes/elements/modplugin/1.include.cache.php on line 61

[2012-12-11 11:41:04] (ERROR @ /manager/index.php) [OnRichTextBrowserInit]
Notice: Undefined index: language in /var/www/ayuda.chilesinpapeleo.cl/core/cache/includes/elements/modplugin/1.include.cache.php on line 61

[2012-12-11 11:41:49] (ERROR @ /manager/index.php) [OnRichTextBrowserInit]
Notice: Undefined index: language in /var/www/ayuda.chilesinpapeleo.cl/core/cache/includes/elements/modplugin/1.include.cache.php on line 61

[2012-12-11 11:42:37] (ERROR @ /manager/index.php) [OnRichTextBrowserInit]
Notice: Undefined index: language in /var/www/ayuda.chilesinpapeleo.cl/core/cache/includes/elements/modplugin/1.include.cache.php on line 61

[2012-12-11 11:43:54] (ERROR @ /manager/index.php) [OnRichTextBrowserInit]
Notice: Undefined index: language in /var/www/ayuda.chilesinpapeleo.cl/core/cache/includes/elements/modplugin/1.include.cache.php on line 61

[2012-12-11 12:05:19] (ERROR @ /manager/index.php) [OnRichTextBrowserInit]
Notice: Undefined index: language in /var/www/ayuda.chilesinpapeleo.cl/core/cache/includes/elements/modplugin/1.include.cache.php on line 61

[2012-12-11 12:06:06] (ERROR @ /manager/index.php) [OnRichTextBrowserInit]
Notice: Undefined index: language in /var/www/ayuda.chilesinpapeleo.cl/core/cache/includes/elements/modplugin/1.include.cache.php on line 61

[2012-12-11 12:06:31] (ERROR @ /manager/index.php) [OnRichTextBrowserInit]
Notice: Undefined index: language in /var/www/ayuda.chilesinpapeleo.cl/core/cache/includes/elements/modplugin/1.include.cache.php on line 61

[2012-12-11 12:07:14] (ERROR @ /manager/index.php) [OnRichTextBrowserInit]
Notice: Undefined index: language in /var/www/ayuda.chilesinpapeleo.cl/core/cache/includes/elements/modplugin/1.include.cache.php on line 61

[2012-12-11 12:07:43] (ERROR @ /manager/index.php) [OnRichTextBrowserInit]
Notice: Undefined index: language in /var/www/ayuda.chilesinpapeleo.cl/core/cache/includes/elements/modplugin/1.include.cache.php on line 61

[2012-12-11 12:17:12] (ERROR @ /manager/index.php) [OnRichTextBrowserInit]
Notice: Undefined index: language in /var/www/ayuda.chilesinpapeleo.cl/core/cache/includes/elements/modplugin/1.include.cache.php on line 61

[2012-12-11 12:18:05] (ERROR @ /manager/index.php) [OnRichTextBrowserInit]
Notice: Undefined index: language in /var/www/ayuda.chilesinpapeleo.cl/core/cache/includes/elements/modplugin/1.include.cache.php on line 61

[2012-12-11 12:18:28] (ERROR @ /manager/index.php) [OnRichTextBrowserInit]
Notice: Undefined index: language in /var/www/ayuda.chilesinpapeleo.cl/core/cache/includes/elements/modplugin/1.include.cache.php on line 61

[2012-12-11 12:18:56] (ERROR @ /manager/index.php) [OnRichTextBrowserInit]
Notice: Undefined index: language in /var/www/ayuda.chilesinpapeleo.cl/core/cache/includes/elements/modplugin/1.include.cache.php on line 61

[2012-12-11 12:21:51] (ERROR @ /manager/index.php) [OnRichTextBrowserInit]
Notice: Undefined index: language in /var/www/ayuda.chilesinpapeleo.cl/core/cache/includes/elements/modplugin/1.include.cache.php on line 61

[2012-12-11 12:24:04] (ERROR @ /manager/index.php) [OnRichTextBrowserInit]
Notice: Undefined index: language in /var/www/ayuda.chilesinpapeleo.cl/core/cache/includes/elements/modplugin/1.include.cache.php on line 61

[2012-12-11 12:24:56] (ERROR @ /manager/index.php) [OnRichTextBrowserInit]
Notice: Undefined index: language in /var/www/ayuda.chilesinpapeleo.cl/core/cache/includes/elements/modplugin/1.include.cache.php on line 61

[2012-12-11 12:25:45] (ERROR @ /manager/index.php) [OnRichTextBrowserInit]
Notice: Undefined index: language in /var/www/ayuda.chilesinpapeleo.cl/core/cache/includes/elements/modplugin/1.include.cache.php on line 61

[2012-12-11 12:26:20] (ERROR @ /manager/index.php) [OnRichTextBrowserInit]
Notice: Undefined index: language in /var/www/ayuda.chilesinpapeleo.cl/core/cache/includes/elements/modplugin/1.include.cache.php on line 61

[2012-12-11 12:26:30] (ERROR @ /manager/index.php) [OnRichTextBrowserInit]
Notice: Undefined index: language in /var/www/ayuda.chilesinpapeleo.cl/core/cache/includes/elements/modplugin/1.include.cache.php on line 61

[2012-12-11 12:27:13] (ERROR @ /manager/index.php) [OnRichTextBrowserInit]
Notice: Undefined index: language in /var/www/ayuda.chilesinpapeleo.cl/core/cache/includes/elements/modplugin/1.include.cache.php on line 61

[2012-12-11 12:27:29] (ERROR @ /manager/index.php) [OnRichTextBrowserInit]
Notice: Undefined index: language in /var/www/ayuda.chilesinpapeleo.cl/core/cache/includes/elements/modplugin/1.include.cache.php on line 61

[2012-12-11 12:27:39] (ERROR @ /manager/index.php) [OnRichTextBrowserInit]
Notice: Undefined index: language in /var/www/ayuda.chilesinpapeleo.cl/core/cache/includes/elements/modplugin/1.include.cache.php on line 61

[2012-12-11 12:27:39] (ERROR @ /manager/index.php) [OnRichTextBrowserInit]
Notice: Undefined index: language in /var/www/ayuda.chilesinpapeleo.cl/core/cache/includes/elements/modplugin/1.include.cache.php on line 61

[2012-12-11 12:27:51] (ERROR @ /manager/index.php) [OnRichTextBrowserInit]
Notice: Undefined index: language in /var/www/ayuda.chilesinpapeleo.cl/core/cache/includes/elements/modplugin/1.include.cache.php on line 61

[2012-12-11 12:28:40] (ERROR @ /manager/index.php) [OnRichTextBrowserInit]
Notice: Undefined index: language in /var/www/ayuda.chilesinpapeleo.cl/core/cache/includes/elements/modplugin/1.include.cache.php on line 61

[2012-12-11 12:29:26] (ERROR @ /manager/index.php) [OnRichTextBrowserInit]
Notice: Undefined index: language in /var/www/ayuda.chilesinpapeleo.cl/core/cache/includes/elements/modplugin/1.include.cache.php on line 61

[2012-12-11 12:30:45] (ERROR @ /manager/index.php) [OnRichTextBrowserInit]
Notice: Undefined index: language in /var/www/ayuda.chilesinpapeleo.cl/core/cache/includes/elements/modplugin/1.include.cache.php on line 61

[2012-12-11 12:31:36] (ERROR @ /manager/index.php) [OnRichTextBrowserInit]
Notice: Undefined index: language in /var/www/ayuda.chilesinpapeleo.cl/core/cache/includes/elements/modplugin/1.include.cache.php on line 61

[2012-12-11 12:32:33] (ERROR @ /manager/index.php) [OnRichTextBrowserInit]
Notice: Undefined index: language in /var/www/ayuda.chilesinpapeleo.cl/core/cache/includes/elements/modplugin/1.include.cache.php on line 61

[2012-12-11 12:33:23] (ERROR @ /manager/index.php) [OnRichTextBrowserInit]
Notice: Undefined index: language in /var/www/ayuda.chilesinpapeleo.cl/core/cache/includes/elements/modplugin/1.include.cache.php on line 61

[2012-12-11 15:35:26] (ERROR @ /manager/index.php) [OnRichTextBrowserInit]
Notice: Undefined index: language in /var/www/ayuda.chilesinpapeleo.cl/core/cache/includes/elements/modplugin/1.include.cache.php on line 61

[2012-12-11 15:36:11] (ERROR @ /manager/index.php) [OnRichTextBrowserInit]
Notice: Undefined index: language in /var/www/ayuda.chilesinpapeleo.cl/core/cache/includes/elements/modplugin/1.include.cache.php on line 61

[2012-12-11 15:36:31] (ERROR @ /manager/index.php) [OnRichTextBrowserInit]
Notice: Undefined index: language in /var/www/ayuda.chilesinpapeleo.cl/core/cache/includes/elements/modplugin/1.include.cache.php on line 61

[2012-12-11 15:36:52] (ERROR @ /manager/index.php) [OnRichTextBrowserInit]
Notice: Undefined index: language in /var/www/ayuda.chilesinpapeleo.cl/core/cache/includes/elements/modplugin/1.include.cache.php on line 61

[2012-12-11 15:44:53] (ERROR @ /connectors/resource/index.php) Resource URI claveunica.html already exists for resource id = 36; skipping duplicate resource URI for resource id = 39
[2012-12-11 16:05:33] (ERROR @ /manager/index.php) [OnRichTextBrowserInit]
Notice: Undefined index: language in /var/www/ayuda.chilesinpapeleo.cl/core/cache/includes/elements/modplugin/1.include.cache.php on line 61

[2012-12-11 16:06:45] (ERROR @ /manager/index.php) [OnRichTextBrowserInit]
Notice: Undefined index: language in /var/www/ayuda.chilesinpapeleo.cl/core/cache/includes/elements/modplugin/1.include.cache.php on line 61

[2012-12-11 16:15:59] (ERROR @ /manager/index.php) [OnRichTextBrowserInit]
Notice: Undefined index: language in /var/www/ayuda.chilesinpapeleo.cl/core/cache/includes/elements/modplugin/1.include.cache.php on line 61

[2012-12-11 16:16:42] (ERROR @ /manager/index.php) [OnRichTextBrowserInit]
Notice: Undefined index: language in /var/www/ayuda.chilesinpapeleo.cl/core/cache/includes/elements/modplugin/1.include.cache.php on line 61

[2012-12-11 16:30:00] (ERROR @ /manager/index.php) [OnRichTextBrowserInit]
Notice: Undefined index: language in /var/www/ayuda.chilesinpapeleo.cl/core/cache/includes/elements/modplugin/1.include.cache.php on line 61

[2012-12-11 16:34:08] (ERROR @ /manager/index.php) [OnRichTextBrowserInit]
Notice: Undefined index: language in /var/www/ayuda.chilesinpapeleo.cl/core/cache/includes/elements/modplugin/1.include.cache.php on line 61

[2012-12-11 16:36:42] (ERROR @ /manager/index.php) [OnRichTextBrowserInit]
Notice: Undefined index: language in /var/www/ayuda.chilesinpapeleo.cl/core/cache/includes/elements/modplugin/1.include.cache.php on line 61

[2012-12-11 16:37:10] (ERROR @ /manager/index.php) [OnRichTextBrowserInit]
Notice: Undefined index: language in /var/www/ayuda.chilesinpapeleo.cl/core/cache/includes/elements/modplugin/1.include.cache.php on line 61

[2012-12-11 16:39:01] (ERROR @ /manager/index.php) [OnRichTextBrowserInit]
Notice: Undefined index: language in /var/www/ayuda.chilesinpapeleo.cl/core/cache/includes/elements/modplugin/1.include.cache.php on line 61

[2012-12-11 16:39:12] (ERROR @ /manager/index.php) [OnRichTextBrowserInit]
Notice: Undefined index: language in /var/www/ayuda.chilesinpapeleo.cl/core/cache/includes/elements/modplugin/1.include.cache.php on line 61

[2012-12-11 16:40:22] (ERROR @ /manager/index.php) [OnRichTextBrowserInit]
Notice: Undefined index: language in /var/www/ayuda.chilesinpapeleo.cl/core/cache/includes/elements/modplugin/1.include.cache.php on line 61

[2012-12-11 16:41:00] (ERROR @ /manager/index.php) [OnRichTextBrowserInit]
Notice: Undefined index: language in /var/www/ayuda.chilesinpapeleo.cl/core/cache/includes/elements/modplugin/1.include.cache.php on line 61

[2012-12-11 16:41:20] (ERROR @ /manager/index.php) [OnRichTextBrowserInit]
Notice: Undefined index: language in /var/www/ayuda.chilesinpapeleo.cl/core/cache/includes/elements/modplugin/1.include.cache.php on line 61

[2012-12-11 16:41:36] (ERROR @ /manager/index.php) [OnRichTextBrowserInit]
Notice: Undefined index: language in /var/www/ayuda.chilesinpapeleo.cl/core/cache/includes/elements/modplugin/1.include.cache.php on line 61

[2012-12-11 16:41:40] (ERROR @ /manager/index.php) [OnRichTextBrowserInit]
Notice: Undefined index: language in /var/www/ayuda.chilesinpapeleo.cl/core/cache/includes/elements/modplugin/1.include.cache.php on line 61

[2012-12-11 16:41:53] (ERROR @ /manager/index.php) [OnRichTextBrowserInit]
Notice: Undefined index: language in /var/www/ayuda.chilesinpapeleo.cl/core/cache/includes/elements/modplugin/1.include.cache.php on line 61

[2012-12-11 16:42:23] (ERROR @ /manager/index.php) [OnRichTextBrowserInit]
Notice: Undefined index: language in /var/www/ayuda.chilesinpapeleo.cl/core/cache/includes/elements/modplugin/1.include.cache.php on line 61

[2012-12-11 16:43:34] (ERROR @ /manager/index.php) [OnRichTextBrowserInit]
Notice: Undefined index: language in /var/www/ayuda.chilesinpapeleo.cl/core/cache/includes/elements/modplugin/1.include.cache.php on line 61

[2012-12-11 16:44:20] (ERROR @ /manager/index.php) [OnRichTextBrowserInit]
Notice: Undefined index: language in /var/www/ayuda.chilesinpapeleo.cl/core/cache/includes/elements/modplugin/1.include.cache.php on line 61

[2012-12-11 16:44:32] (ERROR @ /manager/index.php) [OnRichTextBrowserInit]
Notice: Undefined index: language in /var/www/ayuda.chilesinpapeleo.cl/core/cache/includes/elements/modplugin/1.include.cache.php on line 61

[2012-12-11 16:44:52] (ERROR @ /manager/index.php) [OnRichTextBrowserInit]
Notice: Undefined index: language in /var/www/ayuda.chilesinpapeleo.cl/core/cache/includes/elements/modplugin/1.include.cache.php on line 61

[2012-12-11 16:45:26] (ERROR @ /manager/index.php) [OnRichTextBrowserInit]
Notice: Undefined index: language in /var/www/ayuda.chilesinpapeleo.cl/core/cache/includes/elements/modplugin/1.include.cache.php on line 61

[2012-12-11 16:45:46] (ERROR @ /manager/index.php) [OnRichTextBrowserInit]
Notice: Undefined index: language in /var/www/ayuda.chilesinpapeleo.cl/core/cache/includes/elements/modplugin/1.include.cache.php on line 61

[2012-12-11 16:46:25] (ERROR @ /manager/index.php) [OnRichTextBrowserInit]
Notice: Undefined index: language in /var/www/ayuda.chilesinpapeleo.cl/core/cache/includes/elements/modplugin/1.include.cache.php on line 61

[2012-12-11 16:46:55] (ERROR @ /manager/index.php) [OnRichTextBrowserInit]
Notice: Undefined index: language in /var/www/ayuda.chilesinpapeleo.cl/core/cache/includes/elements/modplugin/1.include.cache.php on line 61

[2012-12-11 16:47:32] (ERROR @ /manager/index.php) [OnRichTextBrowserInit]
Notice: Undefined index: language in /var/www/ayuda.chilesinpapeleo.cl/core/cache/includes/elements/modplugin/1.include.cache.php on line 61

[2012-12-11 16:48:18] (ERROR @ /manager/index.php) [OnRichTextBrowserInit]
Notice: Undefined index: language in /var/www/ayuda.chilesinpapeleo.cl/core/cache/includes/elements/modplugin/1.include.cache.php on line 61

[2012-12-11 16:58:03] (ERROR @ /manager/index.php) [OnRichTextBrowserInit]
Notice: Undefined index: language in /var/www/ayuda.chilesinpapeleo.cl/core/cache/includes/elements/modplugin/1.include.cache.php on line 61

[2012-12-11 16:58:48] (ERROR @ /manager/index.php) [OnRichTextBrowserInit]
Notice: Undefined index: language in /var/www/ayuda.chilesinpapeleo.cl/core/cache/includes/elements/modplugin/1.include.cache.php on line 61

[2012-12-11 16:59:37] (ERROR @ /manager/index.php) [OnRichTextBrowserInit]
Notice: Undefined index: language in /var/www/ayuda.chilesinpapeleo.cl/core/cache/includes/elements/modplugin/1.include.cache.php on line 61

[2012-12-11 17:00:19] (ERROR @ /manager/index.php) [OnRichTextBrowserInit]
Notice: Undefined index: language in /var/www/ayuda.chilesinpapeleo.cl/core/cache/includes/elements/modplugin/1.include.cache.php on line 61

[2012-12-11 17:00:38] (ERROR @ /manager/index.php) [OnRichTextBrowserInit]
Notice: Undefined index: language in /var/www/ayuda.chilesinpapeleo.cl/core/cache/includes/elements/modplugin/1.include.cache.php on line 61

[2012-12-11 17:01:14] (ERROR @ /manager/index.php) [OnRichTextBrowserInit]
Notice: Undefined index: language in /var/www/ayuda.chilesinpapeleo.cl/core/cache/includes/elements/modplugin/1.include.cache.php on line 61

[2012-12-11 17:02:29] (ERROR @ /manager/index.php) [OnRichTextBrowserInit]
Notice: Undefined index: language in /var/www/ayuda.chilesinpapeleo.cl/core/cache/includes/elements/modplugin/1.include.cache.php on line 61

[2012-12-11 17:03:08] (ERROR @ /manager/index.php) [OnRichTextBrowserInit]
Notice: Undefined index: language in /var/www/ayuda.chilesinpapeleo.cl/core/cache/includes/elements/modplugin/1.include.cache.php on line 61

[2012-12-11 17:03:55] (ERROR @ /manager/index.php) [OnRichTextBrowserInit]
Notice: Undefined index: language in /var/www/ayuda.chilesinpapeleo.cl/core/cache/includes/elements/modplugin/1.include.cache.php on line 61

[2012-12-11 17:04:32] (ERROR @ /manager/index.php) [OnRichTextBrowserInit]
Notice: Undefined index: language in /var/www/ayuda.chilesinpapeleo.cl/core/cache/includes/elements/modplugin/1.include.cache.php on line 61

[2012-12-11 17:04:57] (ERROR @ /manager/index.php) [OnRichTextBrowserInit]
Notice: Undefined index: language in /var/www/ayuda.chilesinpapeleo.cl/core/cache/includes/elements/modplugin/1.include.cache.php on line 61

[2012-12-11 17:05:47] (ERROR @ /manager/index.php) [OnRichTextBrowserInit]
Notice: Undefined index: language in /var/www/ayuda.chilesinpapeleo.cl/core/cache/includes/elements/modplugin/1.include.cache.php on line 61

[2012-12-11 17:06:19] (ERROR @ /manager/index.php) [OnRichTextBrowserInit]
Notice: Undefined index: language in /var/www/ayuda.chilesinpapeleo.cl/core/cache/includes/elements/modplugin/1.include.cache.php on line 61

[2012-12-11 17:06:21] (ERROR @ /connectors/browser/directory.php) Error caching lexicon topic lexicon/en/core/source
[2012-12-11 17:07:03] (ERROR @ /manager/index.php) [OnRichTextBrowserInit]
Notice: Undefined index: language in /var/www/ayuda.chilesinpapeleo.cl/core/cache/includes/elements/modplugin/1.include.cache.php on line 61

[2012-12-11 17:07:33] (ERROR @ /manager/index.php) [OnRichTextBrowserInit]
Notice: Undefined index: language in /var/www/ayuda.chilesinpapeleo.cl/core/cache/includes/elements/modplugin/1.include.cache.php on line 61

[2012-12-11 17:08:06] (ERROR @ /manager/index.php) [OnRichTextBrowserInit]
Notice: Undefined index: language in /var/www/ayuda.chilesinpapeleo.cl/core/cache/includes/elements/modplugin/1.include.cache.php on line 61

[2012-12-11 17:23:49] (ERROR @ /manager/index.php) [OnRichTextBrowserInit]
Notice: Undefined index: language in /var/www/ayuda.chilesinpapeleo.cl/core/cache/includes/elements/modplugin/1.include.cache.php on line 61

[2013-01-15 16:59:16] (ERROR @ /manager/index.php) [OnRichTextBrowserInit]
Notice: Undefined index: language in /var/www/ayuda.chilesinpapeleo.cl/core/cache/includes/elements/modplugin/1.include.cache.php on line 61

[2013-01-15 18:16:24] (ERROR @ /manager/index.php) [OnRichTextBrowserInit]
Notice: Undefined index: language in /var/www/ayuda.chilesinpapeleo.cl/core/cache/includes/elements/modplugin/1.include.cache.php on line 61

[2013-01-17 12:27:13] (ERROR @ /manager/index.php) [OnRichTextBrowserInit]
Notice: Undefined index: language in /var/www/ayuda.chilesinpapeleo.cl/core/cache/includes/elements/modplugin/1.include.cache.php on line 61

[2013-01-17 17:04:54] (ERROR @ /manager/index.php) [OnRichTextBrowserInit]
Notice: Undefined index: language in /var/www/ayuda.chilesinpapeleo.cl/core/cache/includes/elements/modplugin/1.include.cache.php on line 61

[2013-01-17 17:10:14] (ERROR @ /manager/index.php) [OnRichTextBrowserInit]
Notice: Undefined index: language in /var/www/ayuda.chilesinpapeleo.cl/core/cache/includes/elements/modplugin/1.include.cache.php on line 61

[2013-01-17 18:31:03] (ERROR @ /manager/index.php) [OnRichTextBrowserInit]
Notice: Undefined index: language in /var/www/ayuda.chilesinpapeleo.cl/core/cache/includes/elements/modplugin/1.include.cache.php on line 61

[2013-01-18 12:35:42] (ERROR @ /manager/index.php) [OnRichTextBrowserInit]
Notice: Undefined index: language in /var/www/ayuda.chilesinpapeleo.cl/core/cache/includes/elements/modplugin/1.include.cache.php on line 61

[2013-01-18 12:50:01] (ERROR @ /manager/index.php) [OnRichTextBrowserInit]
Notice: Undefined index: language in /var/www/ayuda.chilesinpapeleo.cl/core/cache/includes/elements/modplugin/1.include.cache.php on line 61

[2013-01-18 12:50:39] (ERROR @ /manager/index.php) [OnRichTextBrowserInit]
Notice: Undefined index: language in /var/www/ayuda.chilesinpapeleo.cl/core/cache/includes/elements/modplugin/1.include.cache.php on line 61

[2013-01-18 12:55:49] (ERROR @ /manager/index.php) [OnRichTextBrowserInit]
Notice: Undefined index: language in /var/www/ayuda.chilesinpapeleo.cl/core/cache/includes/elements/modplugin/1.include.cache.php on line 61

[2013-01-18 13:02:31] (ERROR @ /manager/index.php) [OnRichTextBrowserInit]
Notice: Undefined index: language in /var/www/ayuda.chilesinpapeleo.cl/core/cache/includes/elements/modplugin/1.include.cache.php on line 61

[2013-01-18 14:56:34] (ERROR @ /manager/index.php) [OnRichTextBrowserInit]
Notice: Undefined index: language in /var/www/ayuda.chilesinpapeleo.cl/core/cache/includes/elements/modplugin/1.include.cache.php on line 61

[2013-01-18 16:51:42] (ERROR @ /manager/index.php) [OnRichTextBrowserInit]
Notice: Undefined index: language in /var/www/ayuda.chilesinpapeleo.cl/core/cache/includes/elements/modplugin/1.include.cache.php on line 61

[2013-01-18 16:55:13] (ERROR @ /manager/index.php) [OnRichTextBrowserInit]
Notice: Undefined index: language in /var/www/ayuda.chilesinpapeleo.cl/core/cache/includes/elements/modplugin/1.include.cache.php on line 61

[2013-01-18 17:04:35] (ERROR @ /manager/index.php) [OnRichTextBrowserInit]
Notice: Undefined index: language in /var/www/ayuda.chilesinpapeleo.cl/core/cache/includes/elements/modplugin/1.include.cache.php on line 61

[2013-01-18 17:33:47] (ERROR @ /manager/index.php) [OnRichTextBrowserInit]
Notice: Undefined index: language in /var/www/ayuda.chilesinpapeleo.cl/core/cache/includes/elements/modplugin/1.include.cache.php on line 61

[2013-01-30 11:35:21] (ERROR in xPDOConnection::connect @ /var/www/ayuda.chilesinpapeleo.cl/core/xpdo/xpdo.class.php : 2999) SQLSTATE[HY000] [1040] Too many connections
[2013-01-30 11:35:21] (ERROR @ /index.php) Error preparing statement for query: SELECT `modSession`.`id` AS `modSession_id`, `modSession`.`access` AS `modSession_access`, `modSession`.`data` AS `modSession_data` FROM `modx_session` AS `modSession` WHERE `modSession`.`id` = ?  - Array
(
    [0] => 00000
    [1] => 
    [2] => 
)

[2013-01-30 11:35:21] (ERROR in xPDOConnection::connect @ /var/www/ayuda.chilesinpapeleo.cl/core/xpdo/xpdo.class.php : 2999) SQLSTATE[HY000] [1040] Too many connections
[2013-01-30 11:35:21] (ERROR in xPDOConnection::connect @ /var/www/ayuda.chilesinpapeleo.cl/core/xpdo/xpdo.class.php : 2999) SQLSTATE[HY000] [1040] Too many connections
[2013-01-30 11:35:21] (ERROR @ /index.php) Error preparing statement for query: SELECT `modSession`.`id` AS `modSession_id`, `modSession`.`access` AS `modSession_access`, `modSession`.`data` AS `modSession_data` FROM `modx_session` AS `modSession` WHERE `modSession`.`id` = ?  - 
[2013-01-30 11:35:21] (ERROR in xPDOConnection::connect @ /var/www/ayuda.chilesinpapeleo.cl/core/xpdo/xpdo.class.php : 2999) SQLSTATE[HY000] [1040] Too many connections
[2013-01-30 11:35:21] (ERROR in xPDOConnection::connect @ /var/www/ayuda.chilesinpapeleo.cl/core/xpdo/xpdo.class.php : 2999) SQLSTATE[HY000] [1040] Too many connections
[2013-01-30 11:35:21] (ERROR @ /index.php) Error preparing statement for query: SELECT `modSession`.`id` AS `modSession_id`, `modSession`.`access` AS `modSession_access`, `modSession`.`data` AS `modSession_data` FROM `modx_session` AS `modSession` WHERE `modSession`.`id` = ?  - 
[2013-01-30 11:35:21] (ERROR in xPDOConnection::connect @ /var/www/ayuda.chilesinpapeleo.cl/core/xpdo/xpdo.class.php : 2999) SQLSTATE[HY000] [1040] Too many connections
[2013-01-30 11:35:21] (ERROR in xPDOConnection::connect @ /var/www/ayuda.chilesinpapeleo.cl/core/xpdo/xpdo.class.php : 2999) SQLSTATE[HY000] [1040] Too many connections
[2013-05-26 22:45:36] (ERROR @ /manager/index.php) [OnRichTextBrowserInit]
Notice: Undefined index: language in /var/www/ayuda.chilesinpapeleo.cl/core/cache/includes/elements/modplugin/1.include.cache.php on line 61

[2013-05-26 22:45:50] (ERROR @ /manager/index.php) [OnRichTextBrowserInit]
Notice: Undefined index: language in /var/www/ayuda.chilesinpapeleo.cl/core/cache/includes/elements/modplugin/1.include.cache.php on line 61

[2013-05-26 23:17:39] (ERROR @ /manager/index.php) [OnRichTextBrowserInit]
Notice: Undefined index: language in /var/www/ayuda.chilesinpapeleo.cl/core/cache/includes/elements/modplugin/1.include.cache.php on line 61

[2013-05-26 23:36:23] (ERROR @ /manager/index.php) [OnRichTextBrowserInit]
Notice: Undefined index: language in /var/www/ayuda.chilesinpapeleo.cl/core/cache/includes/elements/modplugin/1.include.cache.php on line 61

[2013-05-26 23:42:34] (ERROR @ /manager/index.php) [OnRichTextBrowserInit]
Notice: Undefined index: language in /var/www/ayuda.chilesinpapeleo.cl/core/cache/includes/elements/modplugin/1.include.cache.php on line 61

[2013-05-26 23:44:39] (ERROR @ /manager/index.php) [OnRichTextBrowserInit]
Notice: Undefined index: language in /var/www/ayuda.chilesinpapeleo.cl/core/cache/includes/elements/modplugin/1.include.cache.php on line 61

[2013-05-26 23:45:48] (ERROR @ /manager/index.php) [OnRichTextBrowserInit]
Notice: Undefined index: language in /var/www/ayuda.chilesinpapeleo.cl/core/cache/includes/elements/modplugin/1.include.cache.php on line 61

[2013-05-26 23:46:26] (ERROR @ /manager/index.php) [OnRichTextBrowserInit]
Notice: Undefined index: language in /var/www/ayuda.chilesinpapeleo.cl/core/cache/includes/elements/modplugin/1.include.cache.php on line 61

[2013-05-26 23:47:22] (ERROR @ /manager/index.php) [OnRichTextBrowserInit]
Notice: Undefined index: language in /var/www/ayuda.chilesinpapeleo.cl/core/cache/includes/elements/modplugin/1.include.cache.php on line 61

[2013-05-26 23:49:16] (ERROR @ /manager/index.php) [OnRichTextBrowserInit]
Notice: Undefined index: language in /var/www/ayuda.chilesinpapeleo.cl/core/cache/includes/elements/modplugin/1.include.cache.php on line 61

[2013-05-27 01:12:11] (ERROR @ /manager/index.php) [OnRichTextBrowserInit]
Notice: Undefined index: language in /var/www/ayuda.chilesinpapeleo.cl/core/cache/includes/elements/modplugin/1.include.cache.php on line 61

[2013-05-27 01:15:28] (ERROR @ /manager/index.php) [OnRichTextBrowserInit]
Notice: Undefined index: language in /var/www/ayuda.chilesinpapeleo.cl/core/cache/includes/elements/modplugin/1.include.cache.php on line 61

[2013-05-27 01:19:11] (ERROR @ /manager/index.php) [OnRichTextBrowserInit]
Notice: Undefined index: language in /var/www/ayuda.chilesinpapeleo.cl/core/cache/includes/elements/modplugin/1.include.cache.php on line 61

[2013-05-27 01:19:45] (ERROR @ /manager/index.php) [OnRichTextBrowserInit]
Notice: Undefined index: language in /var/www/ayuda.chilesinpapeleo.cl/core/cache/includes/elements/modplugin/1.include.cache.php on line 61

[2013-05-27 01:50:37] (ERROR @ /manager/index.php) [OnRichTextBrowserInit]
Notice: Undefined index: language in /var/www/ayuda.chilesinpapeleo.cl/core/cache/includes/elements/modplugin/1.include.cache.php on line 61

[2013-05-27 03:26:43] (ERROR @ /manager/index.php) [OnRichTextBrowserInit]
Notice: Undefined index: language in /var/www/ayuda.chilesinpapeleo.cl/core/cache/includes/elements/modplugin/1.include.cache.php on line 61

[2013-05-27 03:30:41] (ERROR @ /manager/index.php) [OnRichTextBrowserInit]
Notice: Undefined index: language in /var/www/ayuda.chilesinpapeleo.cl/core/cache/includes/elements/modplugin/1.include.cache.php on line 61

[2013-05-27 03:31:40] (ERROR @ /manager/index.php) [OnRichTextBrowserInit]
Notice: Undefined index: language in /var/www/ayuda.chilesinpapeleo.cl/core/cache/includes/elements/modplugin/1.include.cache.php on line 61

[2013-05-27 03:36:38] (ERROR @ /manager/index.php) [OnRichTextBrowserInit]
Notice: Undefined index: language in /var/www/ayuda.chilesinpapeleo.cl/core/cache/includes/elements/modplugin/1.include.cache.php on line 61

[2013-05-27 03:37:12] (ERROR @ /manager/index.php) [OnRichTextBrowserInit]
Notice: Undefined index: language in /var/www/ayuda.chilesinpapeleo.cl/core/cache/includes/elements/modplugin/1.include.cache.php on line 61

[2013-05-27 03:48:22] (ERROR @ /manager/index.php) [OnRichTextBrowserInit]
Notice: Undefined index: language in /var/www/ayuda.chilesinpapeleo.cl/core/cache/includes/elements/modplugin/1.include.cache.php on line 61

[2013-05-27 03:54:21] (ERROR @ /manager/index.php) [OnRichTextBrowserInit]
Notice: Undefined index: language in /var/www/ayuda.chilesinpapeleo.cl/core/cache/includes/elements/modplugin/1.include.cache.php on line 61

[2013-05-27 03:58:15] (ERROR @ /manager/index.php) [OnRichTextBrowserInit]
Notice: Undefined index: language in /var/www/ayuda.chilesinpapeleo.cl/core/cache/includes/elements/modplugin/1.include.cache.php on line 61

[2013-05-27 04:01:39] (ERROR @ /manager/index.php) [OnRichTextBrowserInit]
Notice: Undefined index: language in /var/www/ayuda.chilesinpapeleo.cl/core/cache/includes/elements/modplugin/1.include.cache.php on line 61

[2013-05-27 04:05:34] (ERROR @ /manager/index.php) [OnRichTextBrowserInit]
Notice: Undefined index: language in /var/www/ayuda.chilesinpapeleo.cl/core/cache/includes/elements/modplugin/1.include.cache.php on line 61

[2013-05-27 04:08:13] (ERROR @ /manager/index.php) [OnRichTextBrowserInit]
Notice: Undefined index: language in /var/www/ayuda.chilesinpapeleo.cl/core/cache/includes/elements/modplugin/1.include.cache.php on line 61

[2013-05-27 04:11:33] (ERROR @ /manager/index.php) [OnRichTextBrowserInit]
Notice: Undefined index: language in /var/www/ayuda.chilesinpapeleo.cl/core/cache/includes/elements/modplugin/1.include.cache.php on line 61

[2013-05-27 04:12:42] (ERROR @ /manager/index.php) [OnRichTextBrowserInit]
Notice: Undefined index: language in /var/www/ayuda.chilesinpapeleo.cl/core/cache/includes/elements/modplugin/1.include.cache.php on line 61

[2013-05-27 04:14:28] (ERROR @ /manager/index.php) [OnRichTextBrowserInit]
Notice: Undefined index: language in /var/www/ayuda.chilesinpapeleo.cl/core/cache/includes/elements/modplugin/1.include.cache.php on line 61

[2013-05-27 04:16:11] (ERROR @ /manager/index.php) [OnRichTextBrowserInit]
Notice: Undefined index: language in /var/www/ayuda.chilesinpapeleo.cl/core/cache/includes/elements/modplugin/1.include.cache.php on line 61

[2013-05-27 04:17:09] (ERROR @ /manager/index.php) [OnRichTextBrowserInit]
Notice: Undefined index: language in /var/www/ayuda.chilesinpapeleo.cl/core/cache/includes/elements/modplugin/1.include.cache.php on line 61

[2013-05-27 04:20:32] (ERROR @ /manager/index.php) [OnRichTextBrowserInit]
Notice: Undefined index: language in /var/www/ayuda.chilesinpapeleo.cl/core/cache/includes/elements/modplugin/1.include.cache.php on line 61

[2015-05-04 01:24:30] (ERROR in xPDOConnection::connect @ /var/www/ayuda.chilesinpapeleo.cl/core/xpdo/xpdo.class.php : 2999) SQLSTATE[HY000] [1040] Too many connections
[2015-05-04 01:24:30] (ERROR in xPDOConnection::connect @ /var/www/ayuda.chilesinpapeleo.cl/core/xpdo/xpdo.class.php : 2999) SQLSTATE[HY000] [1040] Too many connections
[2015-05-04 01:24:30] (ERROR @ /index.php) Error preparing statement for query: SELECT `modSession`.`id` AS `modSession_id`, `modSession`.`access` AS `modSession_access`, `modSession`.`data` AS `modSession_data` FROM `modx_session` AS `modSession` WHERE `modSession`.`id` = ?  - 
[2015-05-04 01:24:30] (ERROR in xPDOConnection::connect @ /var/www/ayuda.chilesinpapeleo.cl/core/xpdo/xpdo.class.php : 2999) SQLSTATE[HY000] [1040] Too many connections
[2015-05-04 01:24:30] (ERROR in xPDOConnection::connect @ /var/www/ayuda.chilesinpapeleo.cl/core/xpdo/xpdo.class.php : 2999) SQLSTATE[HY000] [1040] Too many connections
[2015-05-04 01:24:30] (ERROR @ /index.php) Error preparing statement for query: SELECT `modSession`.`id` AS `modSession_id`, `modSession`.`access` AS `modSession_access`, `modSession`.`data` AS `modSession_data` FROM `modx_session` AS `modSession` WHERE `modSession`.`id` = ?  - 
[2015-05-04 01:24:30] (ERROR in xPDOConnection::connect @ /var/www/ayuda.chilesinpapeleo.cl/core/xpdo/xpdo.class.php : 2999) SQLSTATE[HY000] [1040] Too many connections
[2015-05-04 01:24:30] (ERROR in xPDOConnection::connect @ /var/www/ayuda.chilesinpapeleo.cl/core/xpdo/xpdo.class.php : 2999) SQLSTATE[HY000] [1040] Too many connections
[2015-05-04 01:25:10] (ERROR in xPDOConnection::connect @ /var/www/ayuda.chilesinpapeleo.cl/core/xpdo/xpdo.class.php : 2999) SQLSTATE[HY000] [1040] Too many connections
[2015-05-04 01:25:10] (ERROR in xPDOConnection::connect @ /var/www/ayuda.chilesinpapeleo.cl/core/xpdo/xpdo.class.php : 2999) SQLSTATE[HY000] [1040] Too many connections
[2015-05-04 01:25:10] (ERROR @ /index.php) Error preparing statement for query: SELECT `modSession`.`id` AS `modSession_id`, `modSession`.`access` AS `modSession_access`, `modSession`.`data` AS `modSession_data` FROM `modx_session` AS `modSession` WHERE `modSession`.`id` = ?  - 
[2015-05-04 01:25:10] (ERROR in xPDOConnection::connect @ /var/www/ayuda.chilesinpapeleo.cl/core/xpdo/xpdo.class.php : 2999) SQLSTATE[HY000] [1040] Too many connections
[2015-05-04 01:25:10] (ERROR in xPDOConnection::connect @ /var/www/ayuda.chilesinpapeleo.cl/core/xpdo/xpdo.class.php : 2999) SQLSTATE[HY000] [1040] Too many connections
[2015-05-04 01:25:10] (ERROR @ /index.php) Error preparing statement for query: SELECT `modSession`.`id` AS `modSession_id`, `modSession`.`access` AS `modSession_access`, `modSession`.`data` AS `modSession_data` FROM `modx_session` AS `modSession` WHERE `modSession`.`id` = ?  - 
[2015-05-04 01:25:10] (ERROR in xPDOConnection::connect @ /var/www/ayuda.chilesinpapeleo.cl/core/xpdo/xpdo.class.php : 2999) SQLSTATE[HY000] [1040] Too many connections
[2015-05-04 01:25:10] (ERROR in xPDOConnection::connect @ /var/www/ayuda.chilesinpapeleo.cl/core/xpdo/xpdo.class.php : 2999) SQLSTATE[HY000] [1040] Too many connections
[2015-10-01 13:18:49] (ERROR in xPDOConnection::connect @ /var/www/ayuda.chilesinpapeleo.cl/core/xpdo/xpdo.class.php : 2999) SQLSTATE[HY000] [2003] Can't connect to MySQL server on '52.89.44.203' (4)
[2015-10-01 13:19:04] (ERROR @ /index.php) Error preparing statement for query: SELECT `modSession`.`id` AS `modSession_id`, `modSession`.`access` AS `modSession_access`, `modSession`.`data` AS `modSession_data` FROM `modx_session` AS `modSession` WHERE `modSession`.`id` = ?  - Array
(
    [0] => 00000
    [1] => 
    [2] => 
)

