[2012-11-20 17:51:09] (ERROR @ /setup/index.php) Could not copy /var/www/ayuda.chilesinpapeleo.cl/core/packages/core/modContext/cd0583f5e190451e0235a81793628054/0/ to /var/www/ayuda.chilesinpapeleo.cl/index.php
[2012-11-20 17:51:09] (ERROR @ /setup/index.php) Could not copy /var/www/ayuda.chilesinpapeleo.cl/core/packages/core/modContext/cd0583f5e190451e0235a81793628054/1/ to /var/www/ayuda.chilesinpapeleo.cl/ht.access
[2012-11-20 17:51:09] (ERROR @ /setup/index.php) Could not copy /var/www/ayuda.chilesinpapeleo.cl/core/packages/core/modContext/200977f91595ab9bc0327e1e0ec25f62/0/ to /var/www/ayuda.chilesinpapeleo.cl/manager/assets
[2012-11-20 17:51:09] (ERROR @ /setup/index.php) Could not copy /var/www/ayuda.chilesinpapeleo.cl/core/packages/core/modContext/200977f91595ab9bc0327e1e0ec25f62/1/ to /var/www/ayuda.chilesinpapeleo.cl/manager/controllers
[2012-11-20 17:51:09] (ERROR @ /setup/index.php) Could not copy /var/www/ayuda.chilesinpapeleo.cl/core/packages/core/modContext/200977f91595ab9bc0327e1e0ec25f62/2/ to /var/www/ayuda.chilesinpapeleo.cl/manager/templates
[2012-11-20 17:51:09] (ERROR @ /setup/index.php) Could not copy /var/www/ayuda.chilesinpapeleo.cl/core/packages/core/modContext/200977f91595ab9bc0327e1e0ec25f62/3/ to /var/www/ayuda.chilesinpapeleo.cl/manager/min
[2012-11-20 17:51:09] (ERROR @ /setup/index.php) Could not copy /var/www/ayuda.chilesinpapeleo.cl/core/packages/core/modContext/200977f91595ab9bc0327e1e0ec25f62/4/ to /var/www/ayuda.chilesinpapeleo.cl/manager/ht.access
[2012-11-20 17:51:09] (ERROR @ /setup/index.php) Could not copy /var/www/ayuda.chilesinpapeleo.cl/core/packages/core/modContext/200977f91595ab9bc0327e1e0ec25f62/5/ to /var/www/ayuda.chilesinpapeleo.cl/manager/cache.manifest.php
[2012-11-20 17:51:09] (ERROR @ /setup/index.php) Could not copy /var/www/ayuda.chilesinpapeleo.cl/core/packages/core/modContext/200977f91595ab9bc0327e1e0ec25f62/6/ to /var/www/ayuda.chilesinpapeleo.cl/manager/index.php
[2012-11-20 17:51:09] (ERROR @ /setup/index.php) Could not install files from /var/www/ayuda.chilesinpapeleo.cl/core/packages/core/xPDOFileVehicle/3887269878a173e1fe04e989b4f5e8c2/ to /var/www/ayuda.chilesinpapeleo.cl/connectors/
[2012-11-20 17:51:09] (ERROR @ /setup/index.php) Could not install files from /var/www/ayuda.chilesinpapeleo.cl/core/packages/core/xPDOFileVehicle/fa6ebd292bb065f6ace3a8f4e4e1b35f/ to /var/www/ayuda.chilesinpapeleo.cl/connectors/
[2012-11-20 17:51:09] (ERROR @ /setup/index.php) Could not install files from /var/www/ayuda.chilesinpapeleo.cl/core/packages/core/xPDOFileVehicle/f0debc8b4e99fe0d574659c01ef674fa/ to /var/www/ayuda.chilesinpapeleo.cl/connectors/
[2012-11-20 17:51:09] (ERROR @ /setup/index.php) Could not install files from /var/www/ayuda.chilesinpapeleo.cl/core/packages/core/xPDOFileVehicle/89269e3d5a8251f8a646dac8cc2bdc47/ to /var/www/ayuda.chilesinpapeleo.cl/connectors/
[2012-11-20 17:51:09] (ERROR @ /setup/index.php) Could not install files from /var/www/ayuda.chilesinpapeleo.cl/core/packages/core/xPDOFileVehicle/5d852430064ea7d0701b851ad18db57a/ to /var/www/ayuda.chilesinpapeleo.cl/connectors/
[2012-11-20 17:51:09] (ERROR @ /setup/index.php) Could not install files from /var/www/ayuda.chilesinpapeleo.cl/core/packages/core/xPDOFileVehicle/4f98ce9597d116bb0f67901ec6e49bab/ to /var/www/ayuda.chilesinpapeleo.cl/connectors/
[2012-11-20 17:51:09] (ERROR @ /setup/index.php) Could not install files from /var/www/ayuda.chilesinpapeleo.cl/core/packages/core/xPDOFileVehicle/ae4e67bee4eea49407fb1c707c87a5a2/ to /var/www/ayuda.chilesinpapeleo.cl/connectors/
[2012-11-20 17:51:09] (ERROR @ /setup/index.php) Could not install files from /var/www/ayuda.chilesinpapeleo.cl/core/packages/core/xPDOFileVehicle/46d62e54a9a6a0e808dc7b2d10e985b6/ to /var/www/ayuda.chilesinpapeleo.cl/connectors/
[2012-11-20 17:51:09] (ERROR @ /setup/index.php) Could not install files from /var/www/ayuda.chilesinpapeleo.cl/core/packages/core/xPDOFileVehicle/1de5d9d56ca071de3d4a82a5d9726fcf/ to /var/www/ayuda.chilesinpapeleo.cl/connectors/
[2012-11-20 17:51:09] (ERROR @ /setup/index.php) Could not install files from /var/www/ayuda.chilesinpapeleo.cl/core/packages/core/xPDOFileVehicle/df679566da114f65de52d8f4dc96b2ee/ to /var/www/ayuda.chilesinpapeleo.cl/connectors/
[2012-11-20 17:51:09] (ERROR @ /setup/index.php) Could not install files from /var/www/ayuda.chilesinpapeleo.cl/core/packages/core/xPDOFileVehicle/ebdf71a63c4ec853b1e8088523de3ffa/ to /var/www/ayuda.chilesinpapeleo.cl/connectors/
